2021-05-10 09:23:27,258 :INFO : test_lambdatest_todo_app :Laubching URL
2021-05-10 09:23:28,993 :INFO : test_lambdatest_todo_app :Maximized window
2021-05-10 09:23:31,023 :INFO : test_lambdatest_load :Laubching URL2
2021-05-10 09:23:36,584 :INFO : test_lambdatest_load :Maximized window2
2021-05-10 09:23:47,550 :INFO : test_google_search :Laubching URL3
2021-05-10 09:23:51,388 :INFO : test_lambdatest_blog_load :Laubching URL3
2021-05-10 09:32:23,409 :INFO : test_lambdatest_todo_app :Laubching URL
2021-05-10 09:32:27,757 :INFO : test_lambdatest_todo_app :Maximized window
2021-05-10 09:32:29,804 :INFO : test_lambdatest_load :Laubching URL2
2021-05-10 09:32:39,279 :INFO : test_lambdatest_load :Maximized window2
2021-05-10 09:32:50,275 :INFO : test_google_search :Laubching URL3
2021-05-10 09:32:53,638 :INFO : test_lambdatest_blog_load :Laubching URL3
2021-05-10 09:36:58,719 :INFO : test_lambdatest_todo_app :Laubching URL
2021-05-10 09:36:59,353 :INFO : test_lambdatest_todo_app :Maximized window
2021-05-10 09:37:01,392 :INFO : test_lambdatest_load :Laubching URL2
2021-05-10 09:37:08,905 :INFO : test_lambdatest_load :Maximized window2
2021-05-10 09:37:19,857 :INFO : test_google_search :Laubching URL3
2021-05-10 09:37:23,443 :INFO : test_lambdatest_blog_load :Laubching URL3
2021-05-10 09:39:06,310 :INFO : test_lambdatest_todo_app :Laubching URL
2021-05-10 09:39:06,901 :INFO : test_lambdatest_todo_app :Maximized window
2021-05-10 09:39:08,941 :INFO : test_lambdatest_load :Laubching URL2
2021-05-10 09:39:16,232 :INFO : test_lambdatest_load :Maximized window2
2021-05-10 09:39:27,216 :INFO : test_google_search :Laubching URL3
2021-05-10 09:39:30,763 :INFO : test_lambdatest_blog_load :Laubching URL3
2021-05-10 09:44:26,956 :INFO : test_lambdatest_todo_app :Laubching URL
2021-05-10 09:44:27,875 :INFO : test_lambdatest_todo_app :Maximized window
2021-05-10 09:44:29,925 :INFO : test_lambdatest_load :Laubching URL2
2021-05-10 09:44:37,357 :INFO : test_lambdatest_load :Maximized window2
2021-05-10 09:44:49,440 :INFO : test_google_search :Laubching URL3
2021-05-10 09:45:44,738 :INFO : test_lambdatest_todo_app :Laubching URL
2021-05-10 09:45:45,333 :INFO : test_lambdatest_todo_app :Maximized window
2021-05-10 09:45:47,372 :INFO : test_lambdatest_load :Laubching URL2
2021-05-10 09:45:52,565 :INFO : test_lambdatest_load :Maximized window2
2021-05-10 09:46:03,527 :INFO : test_google_search :Laubching URL3
2021-05-10 09:47:03,726 :INFO : test_lambdatest_todo_app :Laubching URL
2021-05-10 09:47:04,350 :INFO : test_lambdatest_todo_app :Maximized window
2021-05-10 09:47:06,397 :INFO : test_lambdatest_load :Laubching URL2
2021-05-10 09:47:13,350 :INFO : test_lambdatest_load :Maximized window2
2021-05-10 09:47:24,300 :INFO : test_google_search :Laubching URL3
2021-05-10 09:47:27,732 :INFO : test_lambdatest_blog_load :Laubching URL4
2021-05-10 09:51:45,793 :INFO : test_lambdatest_todo_app :Laubching URL
2021-05-10 09:51:46,446 :INFO : test_lambdatest_todo_app :Maximized window
2021-05-10 09:51:48,479 :INFO : test_lambdatest_load :Laubching URL2
2021-05-10 09:54:25,802 :INFO : test_lambdatest_todo_app :Laubching URL
2021-05-10 09:54:26,446 :INFO : test_lambdatest_todo_app :Maximized window
2021-05-10 09:54:28,483 :INFO : test_lambdatest_load :Laubching URL2
2021-05-10 09:54:56,914 :INFO : test_lambdatest_todo_app :Laubching URL
2021-05-10 09:54:57,838 :INFO : test_lambdatest_todo_app :Maximized window
2021-05-10 09:54:59,856 :INFO : test_lambdatest_load :Laubching URL2
2021-05-10 09:55:00,865 :INFO : test_lambdatest_load :Maximized window2
2021-05-10 09:55:12,903 :INFO : test_google_search :Laubching URL3
2021-05-10 09:55:17,091 :INFO : test_lambdatest_blog_load :Laubching URL4
2021-05-10 10:04:29,450 :INFO : test_lambdatest_todo_app :Laubching URL
2021-05-10 10:04:30,539 :INFO : test_lambdatest_todo_app :Maximized window
2021-05-10 10:04:32,581 :INFO : test_lambdatest_load :Laubching URL2
2021-05-10 10:04:33,582 :INFO : test_lambdatest_load :Maximized window2
2021-05-10 10:04:45,614 :INFO : test_google_search :Laubching URL3
2021-05-10 10:07:38,709 :INFO : test_lambdatest_todo_app :Laubching URL
2021-05-10 10:07:38,726 :INFO : test_lambdatest_load :Laubching URL2
2021-05-10 10:07:39,912 :INFO : test_lambdatest_todo_app :Maximized window
2021-05-10 10:07:40,590 :INFO : test_lambdatest_load :Maximized window2
2021-05-10 10:08:48,133 :INFO : test_lambdatest_load :Laubching URL2
2021-05-10 10:08:48,246 :INFO : test_lambdatest_todo_app :Laubching URL
2021-05-10 10:08:49,283 :INFO : test_lambdatest_todo_app :Maximized window
2021-05-10 10:08:49,887 :INFO : test_lambdatest_load :Maximized window2
2021-05-10 10:10:28,665 :INFO : test_lambdatest_todo_app :Laubching URL
2021-05-10 10:10:28,723 :INFO : test_lambdatest_load :Laubching URL2
2021-05-10 10:10:29,809 :INFO : test_lambdatest_todo_app :Maximized window
2021-05-10 10:10:30,385 :INFO : test_lambdatest_load :Maximized window2
2021-05-10 10:10:52,720 :INFO : test_lambdatest_todo_app :Laubching URL
2021-05-10 10:10:53,452 :INFO : test_lambdatest_todo_app :Maximized window
2021-05-10 10:10:55,501 :INFO : test_lambdatest_load :Laubching URL2
2021-05-10 10:10:56,638 :INFO : test_lambdatest_load :Maximized window2
2021-05-10 10:12:02,977 :INFO : test_lambdatest_todo_app :Laubching URL
2021-05-10 10:12:03,054 :INFO : test_lambdatest_load :Laubching URL2
2021-05-10 10:12:04,063 :INFO : test_lambdatest_todo_app :Maximized window
2021-05-10 10:12:04,726 :INFO : test_lambdatest_load :Maximized window2
2021-05-10 10:13:26,531 :INFO : test_lambdatest_load :Laubching URL2
2021-05-10 10:13:26,593 :INFO : test_lambdatest_todo_app :Laubching URL
2021-05-10 10:13:27,557 :INFO : test_lambdatest_todo_app :Maximized window
2021-05-10 10:13:28,062 :INFO : test_lambdatest_load :Maximized window2
2021-05-10 10:16:39,417 :INFO : test_lambdatest_todo_app :Laubching URL
2021-05-10 10:16:39,544 :INFO : test_lambdatest_load :Laubching URL2
2021-05-10 10:16:40,606 :INFO : test_lambdatest_todo_app :Maximized window
2021-05-10 10:16:41,301 :INFO : test_lambdatest_load :Maximized window2
2021-05-10 10:18:18,015 :INFO : test_lambdatest_todo_app :Laubching URL
2021-05-10 10:18:18,052 :INFO : test_lambdatest_load :Laubching URL2
2021-05-10 10:18:20,173 :INFO : test_lambdatest_todo_app :Maximized window
2021-05-10 10:18:20,488 :INFO : test_lambdatest_load :Maximized window2
2021-05-10 10:18:29,057 :INFO : test_google_search :Laubching URL3
2021-05-10 10:18:29,063 :INFO : test_lambdatest_blog_load :Laubching URL4
2021-05-10 15:31:32,720 :INFO : test_lambdatest_todo_app :Laubching URL
2021-05-10 15:31:33,660 :INFO : test_lambdatest_todo_app :Maximized window
2021-05-10 15:31:35,687 :INFO : test_lambdatest_load :Laubching URL2
2021-05-10 15:31:36,810 :INFO : test_lambdatest_load :Maximized window2
2021-05-10 15:31:43,784 :INFO : test_google_search :Laubching URL3
2021-05-10 15:31:47,347 :INFO : test_lambdatest_blog_load :Laubching URL4
2021-05-10 16:14:55,821 :INFO : test_lambdatest_todo_app :Laubching URL
2021-05-10 16:14:56,766 :INFO : test_lambdatest_todo_app :Maximized window
2021-05-10 16:14:58,790 :INFO : test_lambdatest_load :Laubching URL2
2021-05-10 16:14:59,948 :INFO : test_lambdatest_load :Maximized window2
2021-05-10 16:15:10,838 :INFO : test_google_search :Laubching URL3
2021-05-10 16:15:16,385 :INFO : test_lambdatest_blog_load :Laubching URL4
2021-05-11 03:14:21,283 :INFO : test_lambdatest_todo_app :Laubching URL
2021-05-11 03:14:22,166 :INFO : test_lambdatest_todo_app :Maximized window
2021-05-11 03:14:24,212 :INFO : test_lambdatest_load :Laubching URL2
2021-05-11 03:14:25,220 :INFO : test_lambdatest_load :Maximized window2
2021-05-11 03:14:35,988 :INFO : test_google_search :Laubching URL3
2021-05-11 03:14:39,547 :INFO : test_lambdatest_blog_load :Laubching URL4
2021-05-11 03:15:50,262 :INFO : test_lambdatest_todo_app :Laubching URL
2021-05-11 03:15:51,575 :INFO : test_lambdatest_todo_app :Maximized window
2021-05-11 03:15:53,600 :INFO : test_lambdatest_load :Laubching URL2
2021-05-11 03:15:54,641 :INFO : test_lambdatest_load :Maximized window2
2021-05-11 03:16:01,740 :INFO : test_google_search :Laubching URL3
2021-05-11 03:16:05,544 :INFO : test_lambdatest_blog_load :Laubching URL4
2021-05-11 03:38:18,076 :INFO : test_lambdatest_todo_app :Laubching URL
2021-05-11 03:38:18,918 :INFO : test_lambdatest_todo_app :Maximized window
2021-05-11 03:38:20,949 :INFO : test_lambdatest_load :Laubching URL2
2021-05-11 03:38:22,997 :INFO : test_lambdatest_load :Maximized window2
2021-05-11 03:38:33,832 :INFO : test_google_search :Laubching URL3
2021-05-11 03:38:37,482 :INFO : test_lambdatest_blog_load :Laubching URL4
2021-05-11 12:25:19,157 :INFO : test_lambdatest_todo_app :Laubching URL
2021-05-11 12:25:20,082 :INFO : test_lambdatest_todo_app :Maximized window
2021-05-11 12:25:22,099 :INFO : test_lambdatest_load :Laubching URL2
2021-05-11 12:25:23,448 :INFO : test_lambdatest_load :Maximized window2
2021-05-11 12:25:30,698 :INFO : test_google_search :Laubching URL3
2021-05-11 12:25:34,769 :INFO : test_lambdatest_blog_load :Laubching URL4
2021-05-11 12:39:27,404 :INFO : test_lambdatest_todo_app :Laubching URL
2021-05-11 12:39:28,343 :INFO : test_lambdatest_todo_app :Maximized window
2021-05-11 12:39:30,410 :INFO : test_lambdatest_load :Laubching URL2
2021-05-11 12:39:37,541 :INFO : test_google_search :Laubching URL3
2021-05-11 12:39:41,485 :INFO : test_lambdatest_blog_load :Laubching URL4
2021-05-11 12:42:40,092 :INFO : test_lambdatest_todo_app :Laubching URL
2021-05-11 12:42:40,821 :INFO : test_lambdatest_todo_app :Maximized window
2021-05-11 12:42:42,849 :INFO : test_lambdatest_load :Laubching URL2
2021-05-11 12:42:44,055 :INFO : test_lambdatest_load :Maximized window2
2021-05-11 12:42:51,173 :INFO : test_google_search :Laubching URL3
2021-05-11 12:42:54,970 :INFO : test_lambdatest_blog_load :Laubching URL4
2021-05-11 12:53:50,631 :INFO : test_lambdatest_todo_app :Laubching URL
2021-05-11 12:53:51,670 :INFO : test_lambdatest_todo_app :Maximized window
2021-05-11 12:53:53,722 :INFO : test_lambdatest_load :Laubching URL2
2021-05-11 13:00:13,158 :INFO : test_lambdatest_todo_app :Laubching URL
2021-05-11 13:00:14,132 :INFO : test_lambdatest_todo_app :Maximized window
2021-05-11 13:00:16,204 :INFO : test_lambdatest_load :Laubching URL2
2021-05-11 13:00:23,459 :INFO : test_google_search :Laubching URL3
2021-05-11 13:00:27,106 :INFO : test_lambdatest_blog_load :Laubching URL4
2021-05-11 13:03:03,495 :INFO : test_lambdatest_load :Laubching URL2
2021-05-11 13:03:03,738 :INFO : test_lambdatest_todo_app :Laubching URL
2021-05-11 13:03:03,828 :INFO : test_lambdatest_blog_load :Laubching URL4
2021-05-11 13:03:03,962 :INFO : test_google_search :Laubching URL3
2021-05-11 13:03:07,173 :INFO : test_lambdatest_todo_app :Maximized window
2021-05-11 13:07:21,148 :INFO : test_lambdatest_todo_app :Laubching URL
2021-05-11 13:07:22,021 :INFO : test_lambdatest_todo_app :Maximized window
2021-05-11 13:07:24,082 :INFO : test_lambdatest_load :Laubching URL2
2021-05-11 13:07:31,277 :INFO : test_google_search :Laubching URL3
2021-05-11 13:07:34,941 :INFO : test_lambdatest_blog_load :Laubching URL4
2021-05-11 13:10:03,073 :INFO : test_lambdatest_todo_app :Laubching URL
2021-05-11 13:10:03,830 :INFO : test_lambdatest_todo_app :Maximized window
2021-05-11 13:10:05,907 :INFO : test_lambdatest_load :Laubching URL2
2021-05-11 13:10:12,810 :INFO : test_google_search :Laubching URL3
2021-05-11 13:10:16,510 :INFO : test_lambdatest_blog_load :Laubching URL4
2021-05-11 13:13:56,626 :INFO : test_lambdatest_todo_app :Laubching URL
2021-05-11 13:13:57,488 :INFO : test_lambdatest_todo_app :Maximized window
2021-05-11 13:13:59,519 :INFO : test_lambdatest_load :Laubching URL2
2021-05-11 13:14:00,839 :INFO : test_lambdatest_load :Maximized window2
2021-05-11 13:14:08,037 :INFO : test_google_search :Laubching URL3
2021-05-11 13:14:11,879 :INFO : test_lambdatest_blog_load :Laubching URL4
2021-05-11 13:17:08,441 :INFO : test_lambdatest_todo_app :Laubching URL
2021-05-11 13:17:12,083 :INFO : test_lambdatest_todo_app :Maximized window
2021-05-11 13:17:14,118 :INFO : test_lambdatest_load :Laubching URL2
2021-05-11 13:17:15,370 :INFO : test_lambdatest_load :Maximized window2
2021-05-11 13:17:22,279 :INFO : test_google_search :Laubching URL3
2021-05-11 13:17:25,975 :INFO : test_lambdatest_blog_load :Laubching URL4
2021-05-11 13:18:44,287 :INFO : test_lambdatest_todo_app :Laubching URL
2021-05-11 13:18:45,263 :INFO : test_lambdatest_todo_app :Maximized window
2021-05-11 13:18:47,333 :INFO : test_lambdatest_load :Laubching URL2
2021-05-11 13:18:48,607 :INFO : test_lambdatest_load :Maximized window2
2021-05-11 13:19:24,850 :INFO : test_lambdatest_todo_app :Laubching URL
2021-05-11 13:19:25,677 :INFO : test_lambdatest_todo_app :Maximized window
2021-05-11 13:19:27,729 :INFO : test_lambdatest_load :Laubching URL2
2021-05-11 13:19:28,988 :INFO : test_lambdatest_load :Maximized window2
2021-05-11 13:21:02,571 :INFO : test_lambdatest_todo_app :Laubching URL
2021-05-11 13:21:03,607 :INFO : test_lambdatest_todo_app :Maximized window
2021-05-11 13:21:05,633 :INFO : test_lambdatest_load :Laubching URL2
2021-05-11 13:21:06,947 :INFO : test_lambdatest_load :Maximized window2
2021-05-11 13:21:45,343 :INFO : test_lambdatest_todo_app :Laubching URL
2021-05-11 13:21:46,397 :INFO : test_lambdatest_todo_app :Maximized window
2021-05-11 13:21:48,477 :INFO : test_lambdatest_load :Laubching URL2
2021-05-11 13:21:49,725 :INFO : test_lambdatest_load :Maximized window2
2021-05-11 13:27:32,396 :INFO : test_lambdatest_todo_app :Laubching URL
2021-05-11 13:27:33,552 :INFO : test_lambdatest_todo_app :Maximized window
2021-05-11 13:27:35,572 :INFO : test_lambdatest_load :Laubching URL2
2021-05-11 13:27:36,857 :INFO : test_lambdatest_load :Maximized window2
2021-05-11 13:29:55,913 :INFO : test_lambdatest_todo_app :Laubching URL
2021-05-11 13:29:57,145 :INFO : test_lambdatest_todo_app :Maximized window
2021-05-11 13:29:59,202 :INFO : test_lambdatest_load :Laubching URL2
2021-05-11 13:30:00,630 :INFO : test_lambdatest_load :Maximized window2
2021-05-11 13:34:19,852 :INFO : test_lambdatest_todo_app :Laubching URL
2021-05-11 13:34:20,818 :INFO : test_lambdatest_load :Laubching URL2
2021-05-11 13:34:22,073 :INFO : test_lambdatest_load :Maximized window2
2021-05-11 15:03:51,178 :INFO : test_lambdatest_todo_app :Laubching URL
2021-05-11 15:03:52,125 :INFO : test_lambdatest_load :Laubching URL2
2021-05-11 15:03:53,290 :INFO : test_lambdatest_load :Maximized window2
2021-05-11 15:12:45,011 :INFO : test_lambdatest_todo_app :Laubching URL
2021-05-11 15:12:46,002 :INFO : test_lambdatest_load :Laubching URL2
2021-05-11 15:12:46,983 :INFO : test_lambdatest_load :Maximized window2
2021-05-11 20:29:30,706 :INFO : test_lambdatest_todo_app :Laubching URL
2021-05-11 20:29:31,755 :INFO : test_lambdatest_load :Laubching URL2
2021-05-11 20:29:33,074 :INFO : test_lambdatest_load :Maximized window2
2021-05-11 20:51:01,253 :INFO : test_lambdatest_todo_app :Laubching URL
2021-05-11 20:51:02,529 :INFO : test_lambdatest_load :Laubching URL2
2021-05-11 20:51:03,858 :INFO : test_lambdatest_load :Maximized window2
2021-05-11 20:51:14,443 :INFO : test_google_search :Laubching URL3
2021-05-11 20:51:17,973 :INFO : test_lambdatest_blog_load :Laubching URL4
2021-05-11 21:03:43,493 :INFO : test_lambdatest_todo_app :Laubching URL
2021-05-11 21:03:44,638 :INFO : test_lambdatest_todo_app :Maximized window
2021-05-11 21:03:46,697 :INFO : test_lambdatest_load :Laubching URL2
2021-05-11 21:03:53,330 :INFO : test_google_search :Laubching URL3
2021-05-11 21:03:57,108 :INFO : test_lambdatest_blog_load :Laubching URL4
2021-05-11 21:17:20,139 :INFO : test_lambdatest_todo_app :Laubching URL
2021-05-11 21:17:21,255 :INFO : test_lambdatest_todo_app :Maximized window
2021-05-11 21:17:23,288 :INFO : test_lambdatest_load :Laubching URL2
2021-05-11 21:17:29,952 :INFO : test_google_search :Laubching URL3
2021-05-11 21:17:33,559 :INFO : test_lambdatest_blog_load :Laubching URL4
2021-05-11 21:31:20,822 :INFO : test_lambdatest_todo_app :Laubching URL
2021-05-11 21:31:22,058 :INFO : test_lambdatest_todo_app :Maximized window
2021-05-11 21:31:24,096 :INFO : test_lambdatest_load :Laubching URL2
2021-05-11 21:31:30,995 :INFO : test_google_search :Laubching URL3
2021-05-11 21:31:34,346 :INFO : test_lambdatest_blog_load :Laubching URL4
2021-05-11 21:37:13,267 :INFO : test_lambdatest_todo_app :Laubching URL
2021-05-11 21:37:14,130 :INFO : test_lambdatest_todo_app :Maximized window
2021-05-11 21:37:16,177 :INFO : test_lambdatest_load :Laubching URL2
2021-05-11 21:37:17,309 :INFO : test_lambdatest_load :Maximized window2
2021-05-11 21:37:27,805 :INFO : test_google_search :Laubching URL3
2021-05-11 21:37:31,220 :INFO : test_lambdatest_blog_load :Laubching URL4
2021-05-11 21:46:15,919 :INFO : test_lambdatest_todo_app :Laubching URL
2021-05-11 21:46:17,608 :INFO : test_lambdatest_load :Laubching URL2
2021-05-11 21:46:19,004 :INFO : test_lambdatest_load :Maximized window2
2021-05-11 21:46:29,532 :INFO : test_google_search :Laubching URL3
2021-05-11 21:46:33,686 :INFO : test_lambdatest_blog_load :Laubching URL4
2021-05-11 22:00:56,712 :INFO : test_lambdatest_todo_app :Laubching URL
2021-05-11 22:00:57,557 :INFO : test_lambdatest_load :Laubching URL2
2021-05-11 22:00:58,809 :INFO : test_lambdatest_load :Maximized window2
2021-05-11 22:01:09,219 :INFO : test_google_search :Laubching URL3
2021-05-11 22:01:12,748 :INFO : test_lambdatest_blog_load :Laubching URL4
2021-05-11 22:04:09,846 :INFO : test_lambdatest_todo_app :Laubching URL
2021-05-11 22:04:10,673 :INFO : test_lambdatest_load :Laubching URL2
2021-05-11 22:04:11,920 :INFO : test_lambdatest_load :Maximized window2
2021-05-11 22:04:22,436 :INFO : test_google_search :Laubching URL3
2021-05-11 22:04:27,004 :INFO : test_lambdatest_blog_load :Laubching URL4
2021-05-11 22:09:20,745 :INFO : test_lambdatest_todo_app :Laubching URL
2021-05-11 22:09:21,632 :INFO : test_lambdatest_load :Laubching URL2
2021-05-11 22:09:28,563 :INFO : test_google_search :Laubching URL3
2021-05-11 22:09:32,058 :INFO : test_lambdatest_blog_load :Laubching URL4
2021-05-11 22:13:46,081 :INFO : test_lambdatest_todo_app :Laubching URL
2021-05-11 22:13:47,162 :INFO : test_lambdatest_load :Laubching URL2
2021-05-11 22:13:48,409 :INFO : test_lambdatest_load :Maximized window2
2021-05-11 22:13:58,980 :INFO : test_google_search :Laubching URL3
2021-05-11 22:14:02,887 :INFO : test_lambdatest_blog_load :Laubching URL4
2021-05-11 22:19:41,273 :INFO : test_lambdatest_todo_app :Laubching URL
2021-05-11 22:19:42,002 :INFO : test_lambdatest_load :Laubching URL2
2021-05-11 22:19:48,820 :INFO : test_google_search :Laubching URL3
2021-05-11 22:19:52,293 :INFO : test_lambdatest_blog_load :Laubching URL4
2021-05-11 22:23:07,787 :INFO : test_lambdatest_todo_app :Laubching URL
2021-05-11 22:23:08,680 :INFO : test_lambdatest_load :Laubching URL
2021-05-11 22:23:09,685 :INFO : test_lambdatest_load :Expected == Actual  Title
2021-05-11 22:23:09,685 :INFO : test_lambdatest_load :Maximized window
2021-05-11 22:23:17,239 :INFO : test_google_search :Laubching URL3
2021-05-11 22:23:20,618 :INFO : test_lambdatest_blog_load :Laubching URL4
